<?xml version="1.0" encoding="UTF-8"?>
<testsuite xmlns:xsi="http://www.w3.org/2001/XMLSchema-instance" xsi:noNamespaceSchemaLocation="https://maven.apache.org/surefire/maven-surefire-plugin/xsd/surefire-test-report.xsd" name="com.smartsheet.smartsheetautomation.SmartsheetAutomationApplicationTests" time="0.996" tests="1" errors="0" skipped="0" failures="0">
  <properties>
    <property name="java.specification.version" value="17"/>
    <property name="sun.jnu.encoding" value="UTF-8"/>
    <property name="java.class.path" value="/home/mshikalw/Documents/rhods/product-pages-generator/target/test-classes:/home/mshikalw/Documents/rhods/product-pages-generator/target/classes:/home/mshikalw/.m2/repository/org/springframework/boot/spring-boot-starter/2.5.5/spring-boot-starter-2.5.5.jar:/home/mshikalw/.m2/repository/org/springframework/boot/spring-boot/2.5.5/spring-boot-2.5.5.jar:/home/mshikalw/.m2/repository/org/springframework/spring-context/5.3.10/spring-context-5.3.10.jar:/home/mshikalw/.m2/repository/org/springframework/spring-aop/5.3.10/spring-aop-5.3.10.jar:/home/mshikalw/.m2/repository/org/springframework/spring-beans/5.3.10/spring-beans-5.3.10.jar:/home/mshikalw/.m2/repository/org/springframework/spring-expression/5.3.10/spring-expression-5.3.10.jar:/home/mshikalw/.m2/repository/org/springframework/boot/spring-boot-autoconfigure/2.5.5/spring-boot-autoconfigure-2.5.5.jar:/home/mshikalw/.m2/repository/org/springframework/boot/spring-boot-starter-logging/2.5.5/spring-boot-starter-logging-2.5.5.jar:/home/mshikalw/.m2/repository/ch/qos/logback/logback-classic/1.2.6/logback-classic-1.2.6.jar:/home/mshikalw/.m2/repository/ch/qos/logback/logback-core/1.2.6/logback-core-1.2.6.jar:/home/mshikalw/.m2/repository/org/apache/logging/log4j/log4j-to-slf4j/2.14.1/log4j-to-slf4j-2.14.1.jar:/home/mshikalw/.m2/repository/org/apache/logging/log4j/log4j-api/2.14.1/log4j-api-2.14.1.jar:/home/mshikalw/.m2/repository/org/slf4j/jul-to-slf4j/1.7.32/jul-to-slf4j-1.7.32.jar:/home/mshikalw/.m2/repository/jakarta/annotation/jakarta.annotation-api/1.3.5/jakarta.annotation-api-1.3.5.jar:/home/mshikalw/.m2/repository/org/springframework/spring-core/5.3.10/spring-core-5.3.10.jar:/home/mshikalw/.m2/repository/org/springframework/spring-jcl/5.3.10/spring-jcl-5.3.10.jar:/home/mshikalw/.m2/repository/org/yaml/snakeyaml/1.28/snakeyaml-1.28.jar:/home/mshikalw/.m2/repository/org/springframework/boot/spring-boot-starter-test/2.5.5/spring-boot-starter-test-2.5.5.jar:/home/mshikalw/.m2/repository/org/springframework/boot/spring-boot-test/2.5.5/spring-boot-test-2.5.5.jar:/home/mshikalw/.m2/repository/org/springframework/boot/spring-boot-test-autoconfigure/2.5.5/spring-boot-test-autoconfigure-2.5.5.jar:/home/mshikalw/.m2/repository/com/jayway/jsonpath/json-path/2.5.0/json-path-2.5.0.jar:/home/mshikalw/.m2/repository/net/minidev/json-smart/2.4.7/json-smart-2.4.7.jar:/home/mshikalw/.m2/repository/net/minidev/accessors-smart/2.4.7/accessors-smart-2.4.7.jar:/home/mshikalw/.m2/repository/org/ow2/asm/asm/9.1/asm-9.1.jar:/home/mshikalw/.m2/repository/jakarta/xml/bind/jakarta.xml.bind-api/2.3.3/jakarta.xml.bind-api-2.3.3.jar:/home/mshikalw/.m2/repository/jakarta/activation/jakarta.activation-api/1.2.2/jakarta.activation-api-1.2.2.jar:/home/mshikalw/.m2/repository/org/assertj/assertj-core/3.19.0/assertj-core-3.19.0.jar:/home/mshikalw/.m2/repository/org/hamcrest/hamcrest/2.2/hamcrest-2.2.jar:/home/mshikalw/.m2/repository/org/junit/jupiter/junit-jupiter/5.7.2/junit-jupiter-5.7.2.jar:/home/mshikalw/.m2/repository/org/junit/jupiter/junit-jupiter-api/5.7.2/junit-jupiter-api-5.7.2.jar:/home/mshikalw/.m2/repository/org/apiguardian/apiguardian-api/1.1.0/apiguardian-api-1.1.0.jar:/home/mshikalw/.m2/repository/org/opentest4j/opentest4j/1.2.0/opentest4j-1.2.0.jar:/home/mshikalw/.m2/repository/org/junit/platform/junit-platform-commons/1.7.2/junit-platform-commons-1.7.2.jar:/home/mshikalw/.m2/repository/org/junit/jupiter/junit-jupiter-params/5.7.2/junit-jupiter-params-5.7.2.jar:/home/mshikalw/.m2/repository/org/junit/jupiter/junit-jupiter-engine/5.7.2/junit-jupiter-engine-5.7.2.jar:/home/mshikalw/.m2/repository/org/junit/platform/junit-platform-engine/1.7.2/junit-platform-engine-1.7.2.jar:/home/mshikalw/.m2/repository/org/mockito/mockito-core/3.9.0/mockito-core-3.9.0.jar:/home/mshikalw/.m2/repository/net/bytebuddy/byte-buddy/1.10.22/byte-buddy-1.10.22.jar:/home/mshikalw/.m2/repository/net/bytebuddy/byte-buddy-agent/1.10.22/byte-buddy-agent-1.10.22.jar:/home/mshikalw/.m2/repository/org/objenesis/objenesis/3.2/objenesis-3.2.jar:/home/mshikalw/.m2/repository/org/mockito/mockito-junit-jupiter/3.9.0/mockito-junit-jupiter-3.9.0.jar:/home/mshikalw/.m2/repository/org/skyscreamer/jsonassert/1.5.0/jsonassert-1.5.0.jar:/home/mshikalw/.m2/repository/com/vaadin/external/google/android-json/0.0.20131108.vaadin1/android-json-0.0.20131108.vaadin1.jar:/home/mshikalw/.m2/repository/org/springframework/spring-test/5.3.10/spring-test-5.3.10.jar:/home/mshikalw/.m2/repository/org/xmlunit/xmlunit-core/2.8.2/xmlunit-core-2.8.2.jar:/home/mshikalw/.m2/repository/com/smartsheet/smartsheet-sdk-java/2.146.0/smartsheet-sdk-java-2.146.0.jar:/home/mshikalw/.m2/repository/org/apache/httpcomponents/httpclient/4.5.13/httpclient-4.5.13.jar:/home/mshikalw/.m2/repository/org/apache/httpcomponents/httpcore/4.4.14/httpcore-4.4.14.jar:/home/mshikalw/.m2/repository/commons-codec/commons-codec/1.15/commons-codec-1.15.jar:/home/mshikalw/.m2/repository/org/slf4j/slf4j-api/1.7.32/slf4j-api-1.7.32.jar:/home/mshikalw/.m2/repository/com/fasterxml/jackson/core/jackson-core/2.12.5/jackson-core-2.12.5.jar:/home/mshikalw/.m2/repository/com/fasterxml/jackson/core/jackson-databind/2.12.5/jackson-databind-2.12.5.jar:/home/mshikalw/.m2/repository/com/fasterxml/jackson/core/jackson-annotations/2.12.5/jackson-annotations-2.12.5.jar:/home/mshikalw/.m2/repository/org/apache/httpcomponents/httpmime/4.5.13/httpmime-4.5.13.jar:/home/mshikalw/.m2/repository/com/squareup/okhttp3/okhttp/3.14.9/okhttp-3.14.9.jar:/home/mshikalw/.m2/repository/com/squareup/okio/okio/1.17.2/okio-1.17.2.jar:"/>
    <property name="java.vm.vendor" value="Oracle Corporation"/>
    <property name="sun.arch.data.model" value="64"/>
    <property name="java.vendor.url" value="https://java.oracle.com/"/>
    <property name="os.name" value="Linux"/>
    <property name="java.vm.specification.version" value="17"/>
    <property name="sun.java.launcher" value="SUN_STANDARD"/>
    <property name="user.country" value="IN"/>
    <property name="sun.boot.library.path" value="/home/mshikalw/.sdkman/candidates/java/17.0.8-oracle/lib"/>
    <property name="sun.java.command" value="/home/mshikalw/Documents/rhods/product-pages-generator/target/surefire/surefirebooter15617090498527815248.jar /home/mshikalw/Documents/rhods/product-pages-generator/target/surefire 2024-02-06T13-39-00_315-jvmRun1 surefire1587097214116366374tmp surefire_08945063272863033773tmp"/>
    <property name="jdk.debug" value="release"/>
    <property name="surefire.test.class.path" value="/home/mshikalw/Documents/rhods/product-pages-generator/target/test-classes:/home/mshikalw/Documents/rhods/product-pages-generator/target/classes:/home/mshikalw/.m2/repository/org/springframework/boot/spring-boot-starter/2.5.5/spring-boot-starter-2.5.5.jar:/home/mshikalw/.m2/repository/org/springframework/boot/spring-boot/2.5.5/spring-boot-2.5.5.jar:/home/mshikalw/.m2/repository/org/springframework/spring-context/5.3.10/spring-context-5.3.10.jar:/home/mshikalw/.m2/repository/org/springframework/spring-aop/5.3.10/spring-aop-5.3.10.jar:/home/mshikalw/.m2/repository/org/springframework/spring-beans/5.3.10/spring-beans-5.3.10.jar:/home/mshikalw/.m2/repository/org/springframework/spring-expression/5.3.10/spring-expression-5.3.10.jar:/home/mshikalw/.m2/repository/org/springframework/boot/spring-boot-autoconfigure/2.5.5/spring-boot-autoconfigure-2.5.5.jar:/home/mshikalw/.m2/repository/org/springframework/boot/spring-boot-starter-logging/2.5.5/spring-boot-starter-logging-2.5.5.jar:/home/mshikalw/.m2/repository/ch/qos/logback/logback-classic/1.2.6/logback-classic-1.2.6.jar:/home/mshikalw/.m2/repository/ch/qos/logback/logback-core/1.2.6/logback-core-1.2.6.jar:/home/mshikalw/.m2/repository/org/apache/logging/log4j/log4j-to-slf4j/2.14.1/log4j-to-slf4j-2.14.1.jar:/home/mshikalw/.m2/repository/org/apache/logging/log4j/log4j-api/2.14.1/log4j-api-2.14.1.jar:/home/mshikalw/.m2/repository/org/slf4j/jul-to-slf4j/1.7.32/jul-to-slf4j-1.7.32.jar:/home/mshikalw/.m2/repository/jakarta/annotation/jakarta.annotation-api/1.3.5/jakarta.annotation-api-1.3.5.jar:/home/mshikalw/.m2/repository/org/springframework/spring-core/5.3.10/spring-core-5.3.10.jar:/home/mshikalw/.m2/repository/org/springframework/spring-jcl/5.3.10/spring-jcl-5.3.10.jar:/home/mshikalw/.m2/repository/org/yaml/snakeyaml/1.28/snakeyaml-1.28.jar:/home/mshikalw/.m2/repository/org/springframework/boot/spring-boot-starter-test/2.5.5/spring-boot-starter-test-2.5.5.jar:/home/mshikalw/.m2/repository/org/springframework/boot/spring-boot-test/2.5.5/spring-boot-test-2.5.5.jar:/home/mshikalw/.m2/repository/org/springframework/boot/spring-boot-test-autoconfigure/2.5.5/spring-boot-test-autoconfigure-2.5.5.jar:/home/mshikalw/.m2/repository/com/jayway/jsonpath/json-path/2.5.0/json-path-2.5.0.jar:/home/mshikalw/.m2/repository/net/minidev/json-smart/2.4.7/json-smart-2.4.7.jar:/home/mshikalw/.m2/repository/net/minidev/accessors-smart/2.4.7/accessors-smart-2.4.7.jar:/home/mshikalw/.m2/repository/org/ow2/asm/asm/9.1/asm-9.1.jar:/home/mshikalw/.m2/repository/jakarta/xml/bind/jakarta.xml.bind-api/2.3.3/jakarta.xml.bind-api-2.3.3.jar:/home/mshikalw/.m2/repository/jakarta/activation/jakarta.activation-api/1.2.2/jakarta.activation-api-1.2.2.jar:/home/mshikalw/.m2/repository/org/assertj/assertj-core/3.19.0/assertj-core-3.19.0.jar:/home/mshikalw/.m2/repository/org/hamcrest/hamcrest/2.2/hamcrest-2.2.jar:/home/mshikalw/.m2/repository/org/junit/jupiter/junit-jupiter/5.7.2/junit-jupiter-5.7.2.jar:/home/mshikalw/.m2/repository/org/junit/jupiter/junit-jupiter-api/5.7.2/junit-jupiter-api-5.7.2.jar:/home/mshikalw/.m2/repository/org/apiguardian/apiguardian-api/1.1.0/apiguardian-api-1.1.0.jar:/home/mshikalw/.m2/repository/org/opentest4j/opentest4j/1.2.0/opentest4j-1.2.0.jar:/home/mshikalw/.m2/repository/org/junit/platform/junit-platform-commons/1.7.2/junit-platform-commons-1.7.2.jar:/home/mshikalw/.m2/repository/org/junit/jupiter/junit-jupiter-params/5.7.2/junit-jupiter-params-5.7.2.jar:/home/mshikalw/.m2/repository/org/junit/jupiter/junit-jupiter-engine/5.7.2/junit-jupiter-engine-5.7.2.jar:/home/mshikalw/.m2/repository/org/junit/platform/junit-platform-engine/1.7.2/junit-platform-engine-1.7.2.jar:/home/mshikalw/.m2/repository/org/mockito/mockito-core/3.9.0/mockito-core-3.9.0.jar:/home/mshikalw/.m2/repository/net/bytebuddy/byte-buddy/1.10.22/byte-buddy-1.10.22.jar:/home/mshikalw/.m2/repository/net/bytebuddy/byte-buddy-agent/1.10.22/byte-buddy-agent-1.10.22.jar:/home/mshikalw/.m2/repository/org/objenesis/objenesis/3.2/objenesis-3.2.jar:/home/mshikalw/.m2/repository/org/mockito/mockito-junit-jupiter/3.9.0/mockito-junit-jupiter-3.9.0.jar:/home/mshikalw/.m2/repository/org/skyscreamer/jsonassert/1.5.0/jsonassert-1.5.0.jar:/home/mshikalw/.m2/repository/com/vaadin/external/google/android-json/0.0.20131108.vaadin1/android-json-0.0.20131108.vaadin1.jar:/home/mshikalw/.m2/repository/org/springframework/spring-test/5.3.10/spring-test-5.3.10.jar:/home/mshikalw/.m2/repository/org/xmlunit/xmlunit-core/2.8.2/xmlunit-core-2.8.2.jar:/home/mshikalw/.m2/repository/com/smartsheet/smartsheet-sdk-java/2.146.0/smartsheet-sdk-java-2.146.0.jar:/home/mshikalw/.m2/repository/org/apache/httpcomponents/httpclient/4.5.13/httpclient-4.5.13.jar:/home/mshikalw/.m2/repository/org/apache/httpcomponents/httpcore/4.4.14/httpcore-4.4.14.jar:/home/mshikalw/.m2/repository/commons-codec/commons-codec/1.15/commons-codec-1.15.jar:/home/mshikalw/.m2/repository/org/slf4j/slf4j-api/1.7.32/slf4j-api-1.7.32.jar:/home/mshikalw/.m2/repository/com/fasterxml/jackson/core/jackson-core/2.12.5/jackson-core-2.12.5.jar:/home/mshikalw/.m2/repository/com/fasterxml/jackson/core/jackson-databind/2.12.5/jackson-databind-2.12.5.jar:/home/mshikalw/.m2/repository/com/fasterxml/jackson/core/jackson-annotations/2.12.5/jackson-annotations-2.12.5.jar:/home/mshikalw/.m2/repository/org/apache/httpcomponents/httpmime/4.5.13/httpmime-4.5.13.jar:/home/mshikalw/.m2/repository/com/squareup/okhttp3/okhttp/3.14.9/okhttp-3.14.9.jar:/home/mshikalw/.m2/repository/com/squareup/okio/okio/1.17.2/okio-1.17.2.jar:"/>
    <property name="sun.cpu.endian" value="little"/>
    <property name="user.home" value="/home/mshikalw"/>
    <property name="user.language" value="en"/>
    <property name="java.specification.vendor" value="Oracle Corporation"/>
    <property name="java.version.date" value="2023-07-18"/>
    <property name="java.home" value="/home/mshikalw/.sdkman/candidates/java/17.0.8-oracle"/>
    <property name="file.separator" value="/"/>
    <property name="basedir" value="/home/mshikalw/Documents/rhods/product-pages-generator"/>
    <property name="java.vm.compressedOopsMode" value="Zero based"/>
    <property name="line.separator" value="&#10;"/>
    <property name="java.vm.specification.vendor" value="Oracle Corporation"/>
    <property name="java.specification.name" value="Java Platform API Specification"/>
    <property name="surefire.real.class.path" value="/home/mshikalw/Documents/rhods/product-pages-generator/target/surefire/surefirebooter15617090498527815248.jar"/>
    <property name="sun.management.compiler" value="HotSpot 64-Bit Tiered Compilers"/>
    <property name="java.runtime.version" value="17.0.8+9-LTS-211"/>
    <property name="user.name" value="mshikalw"/>
    <property name="path.separator" value=":"/>
    <property name="os.version" value="6.6.11-100.fc38.x86_64"/>
    <property name="java.runtime.name" value="Java(TM) SE Runtime Environment"/>
    <property name="file.encoding" value="UTF-8"/>
    <property name="java.vm.name" value="Java HotSpot(TM) 64-Bit Server VM"/>
    <property name="localRepository" value="/home/mshikalw/.m2/repository"/>
    <property name="java.vendor.url.bug" value="https://bugreport.java.com/bugreport/"/>
    <property name="java.io.tmpdir" value="/tmp"/>
    <property name="java.version" value="17.0.8"/>
    <property name="user.dir" value="/home/mshikalw/Documents/rhods/product-pages-generator"/>
    <property name="os.arch" value="amd64"/>
    <property name="java.vm.specification.name" value="Java Virtual Machine Specification"/>
    <property name="native.encoding" value="UTF-8"/>
    <property name="java.library.path" value="/usr/java/packages/lib:/usr/lib64:/lib64:/lib:/usr/lib"/>
    <property name="java.vm.info" value="mixed mode, sharing"/>
    <property name="java.vendor" value="Oracle Corporation"/>
    <property name="java.vm.version" value="17.0.8+9-LTS-211"/>
    <property name="sun.io.unicode.encoding" value="UnicodeLittle"/>
    <property name="java.class.version" value="61.0"/>
  </properties>
  <testcase name="contextLoads" classname="com.smartsheet.smartsheetautomation.SmartsheetAutomationApplicationTests" time="0.22"/>
</testsuite>